[1]
TimeQuet=5:00:29 PM - 31/5/2009
KieuQuet=Quét tùy chọn (C:\)
SoFile=-
SoVirus=0
KetQua=Chưa hoàn thành
[2]
TimeQuet=5:03:38 PM - 31/5/2009
KieuQuet=Quét tùy chọn (C:\Documents and Settings\)
SoFile=-
SoVirus=0
KetQua=Hoàn thành
[3]
TimeQuet=5:03:40 PM - 31/5/2009
KieuQuet=Quét tùy chọn (C:\Documents and Settings\)
SoFile=-
SoVirus=0
KetQua=Hoàn thành
[4]
TimeQuet=5:03:40 PM - 31/5/2009
KieuQuet=Quét tùy chọn (C:\Documents and Settings\)
SoFile=-
SoVirus=0
KetQua=Hoàn thành
[5]
TimeQuet=5:03:41 PM - 31/5/2009
KieuQuet=Quét tùy chọn (C:\Documents and Settings\)
SoFile=-
SoVirus=0
KetQua=Hoàn thành
[6]
TimeQuet=5:03:48 PM - 31/5/2009
KieuQuet=Quét tùy chọn (C:\Documents and Settings\)
SoFile=-
SoVirus=0
KetQua=Hoàn thành
[7]
TimeQuet=5:03:49 PM - 31/5/2009
KieuQuet=Quét tùy chọn (C:\Documents and Settings\)
SoFile=-
SoVirus=0
KetQua=Hoàn thành
[8]
TimeQuet=5:03:49 PM - 31/5/2009
KieuQuet=Quét tùy chọn (C:\Documents and Settings\)
SoFile=-
SoVirus=0
KetQua=Hoàn thành
[9]
TimeQuet=5:03:50 PM - 31/5/2009
KieuQuet=Quét tùy chọn (C:\Documents and Settings\)
SoFile=-
SoVirus=0
KetQua=Hoàn thành
[10]
TimeQuet=5:09:05 PM - 31/5/2009
KieuQuet=Quét tùy chọn (C:\2222222222\)
SoFile=-
SoVirus=0
KetQua=Hoàn thành
[11]
TimeQuet=5:09:06 PM - 31/5/2009
KieuQuet=Quét tùy chọn (C:\2222222222\)
SoFile=-
SoVirus=0
KetQua=Hoàn thành
[12]
TimeQuet=5:09:07 PM - 31/5/2009
KieuQuet=Quét tùy chọn (C:\2222222222\)
SoFile=-
SoVirus=0
KetQua=Hoàn thành
[13]
TimeQuet=5:09:07 PM - 31/5/2009
KieuQuet=Quét tùy chọn (C:\2222222222\)
SoFile=-
SoVirus=0
KetQua=Hoàn thành
[14]
TimeQuet=5:09:08 PM - 31/5/2009
KieuQuet=Quét tùy chọn (C:\2222222222\)
SoFile=-
SoVirus=0
KetQua=Hoàn thành
[15]
TimeQuet=5:09:09 PM - 31/5/2009
KieuQuet=Quét tùy chọn (C:\2222222222\)
SoFile=-
SoVirus=0
KetQua=Hoàn thành
[16]
TimeQuet=5:09:09 PM - 31/5/2009
KieuQuet=Quét tùy chọn (C:\2222222222\)
SoFile=-
SoVirus=0
KetQua=Hoàn thành
[17]
TimeQuet=5:09:14 PM - 31/5/2009
KieuQuet=Quét tùy chọn (C:\2222222222\)
SoFile=-
SoVirus=0
KetQua=Hoàn thành
[18]
TimeQuet=5:09:15 PM - 31/5/2009
KieuQuet=Quét tùy chọn (C:\2222222222\)
SoFile=-
SoVirus=0
KetQua=Hoàn thành
[19]
TimeQuet=5:09:15 PM - 31/5/2009
KieuQuet=Quét tùy chọn (C:\2222222222\)
SoFile=-
SoVirus=0
KetQua=Hoàn thành
[20]
TimeQuet=5:16:30 PM - 31/5/2009
KieuQuet=Quét tùy chọn (C:\2222222222\)
SoFile=-
SoVirus=0
KetQua=Hoàn thành
[21]
TimeQuet=5:17:23 PM - 31/5/2009
KieuQuet=Quét toàn bộ
SoFile=0
SoVirus=0
KetQua=Chưa hoàn thành
[22]
TimeQuet=5:17:29 PM - 31/5/2009
KieuQuet=Quét tùy chọn (C:\2222222222\)
SoFile=-
SoVirus=0
KetQua=Hoàn thành
[23]
TimeQuet=5:48:16 PM - 31/5/2009
KieuQuet=Quét tùy chọn (C:\2222222222\)
SoFile=-
SoVirus=2
KetQua=Hoàn thành
[24]
TimeQuet=5:50:48 PM - 31/5/2009
KieuQuet=Quét tùy chọn (C:\)
SoFile=-
SoVirus=3
KetQua=Chưa hoàn thành
[25]
TimeQuet=8:07:00 PM - 31/5/2009
KieuQuet=Quét tùy chọn (C:\Documents and Settings\)
SoFile=-
SoVirus=1
KetQua=Hoàn thành
[26]
TimeQuet=8:09:29 PM - 31/5/2009
KieuQuet=Quét tùy chọn (C:\Documents and Settings\)
SoFile=-
SoVirus=1
KetQua=Hoàn thành
[27]
TimeQuet=8:19:09 PM - 31/5/2009
KieuQuet=Quét tùy chọn (C:\Program Files\)
SoFile=-
SoVirus=0
KetQua=Chưa hoàn thành
[28]
TimeQuet=8:20:06 PM - 31/5/2009
KieuQuet=Quét toàn bộ
SoFile=795
SoVirus=2
KetQua=Chưa hoàn thành
[29]
TimeQuet=8:43:43 PM - 31/5/2009
KieuQuet=Quét tùy chọn (C:\Documents and Settings\)
SoFile=-
SoVirus=0
KetQua=Hoàn thành
[30]
TimeQuet=8:43:52 PM - 31/5/2009
KieuQuet=Quét tùy chọn (C:\Program Files\)
SoFile=-
SoVirus=0
KetQua=Hoàn thành
[31]
TimeQuet=8:44:02 PM - 31/5/2009
KieuQuet=Quét toàn bộ
SoFile=39
SoVirus=0
KetQua=Chưa hoàn thành
[32]
TimeQuet=2:06:27 PM - 1/6/2009
KieuQuet=Quét tùy chọn (C:\)
SoFile=-
SoVirus=0
KetQua=Chưa hoàn thành
[33]
TimeQuet=4:23:15 PM - 1/6/2009
KieuQuet=Quét toàn bộ
SoFile=105
SoVirus=0
KetQua=Chưa hoàn thành
[34]
TimeQuet=4:23:36 PM - 1/6/2009
KieuQuet=Quét tùy chọn (C:\Program Files\)
SoFile=-
SoVirus=0
KetQua=Hoàn thành
[35]
TimeQuet=5:04:53 PM - 1/6/2009
KieuQuet=Quét toàn bộ
SoFile=30
SoVirus=0
KetQua=Chưa hoàn thành
[Other]
Total=35
