Line 27: Class UniControls.UniMenu of control UniMenu1 was not a loaded control class.
Line 38: Class UniControls.UniFrame of control UniFrame1 was not a loaded control class.
Line 60: Class UniControls.UniLabel of control UniLabel12 was not a loaded control class.
Line 90: Class UniControls.UniLabel of control UniLabel10 was not a loaded control class.
Line 108: Class UniControls.UniTextBox of control txtFileName was not a loaded control class.
Line 130: Class UniControls.UniLabel of control UniLabel9 was not a loaded control class.
Line 148: Class UniControls.UniLabel of control UniLabel8 was not a loaded control class.
Line 166: Class UniControls.UniLabel of control UniLabel7 was not a loaded control class.
Line 184: Class UniControls.UniLabel of control UniLabel6 was not a loaded control class.
Line 202: Class UniControls.UniLabel of control UniLabel5 was not a loaded control class.
Line 220: Class UniControls.UniLabel of control UniLabel4 was not a loaded control class.
Line 238: Class UniControls.UniLabel of control UniLabel3 was not a loaded control class.
Line 256: Class UniControls.UniLabel of control UniLabel2 was not a loaded control class.
Line 274: Class UniControls.UniTextBox of control txtPath was not a loaded control class.
Line 296: Class UniControls.UniTextBox of control txtCompany was not a loaded control class.
Line 318: Class UniControls.UniTextBox of control txtDecription was not a loaded control class.
Line 340: Class UniControls.UniTextBox of control txtVersion was not a loaded control class.
Line 362: Class UniControls.UniTextBox of control txtFileSize was not a loaded control class.
Line 384: Class UniControls.UniTextBox of control txtUuTien was not a loaded control class.
Line 406: Class UniControls.UniTextBox of control txtMemory was not a loaded control class.
Line 428: Class UniControls.UniTextBox of control txtThuocTinh was not a loaded control class.
Line 530: Class UniControls.UniLabel of control UniLabel1 was not a loaded control class.
Line 30: The property name _ExtentX in UniMenu1 is invalid.
Line 31: The property name _ExtentY in UniMenu1 is invalid.
Line 43: The property name _ExtentX in UniFrame1 is invalid.
Line 44: The property name _ExtentY in UniFrame1 is invalid.
Line 45: The property name MaskColor in UniFrame1 is invalid.
Line 46: The property name FrameColor in UniFrame1 is invalid.
Line 47: The property name Style in UniFrame1 is invalid.
Line 48: The property name Caption in UniFrame1 is invalid.
Line 49: The property name TextColor in UniFrame1 is invalid.
Line 50: The property name Alignment in UniFrame1 is invalid.
Line 65: The property name _ExtentX in UniLabel12 is invalid.
Line 66: The property name _ExtentY in UniLabel12 is invalid.
Line 67: The property name Caption in UniLabel12 is invalid.
Line 95: The property name _ExtentX in UniLabel10 is invalid.
Line 96: The property name _ExtentY in UniLabel10 is invalid.
Line 97: The property name Caption in UniLabel10 is invalid.
Line 114: The property name _ExtentX in txtFileName is invalid.
Line 115: The property name _ExtentY in txtFileName is invalid.
Line 126: The property name Text in txtFileName is invalid.
Line 127: The property name Locked in txtFileName is invalid.
Line 108: Property BorderStyle in txtFileName could not be set.
Line 135: The property name _ExtentX in UniLabel9 is invalid.
Line 136: The property name _ExtentY in UniLabel9 is invalid.
Line 137: The property name Caption in UniLabel9 is invalid.
Line 153: The property name _ExtentX in UniLabel8 is invalid.
Line 154: The property name _ExtentY in UniLabel8 is invalid.
Line 155: The property name Caption in UniLabel8 is invalid.
Line 171: The property name _ExtentX in UniLabel7 is invalid.
Line 172: The property name _ExtentY in UniLabel7 is invalid.
Line 173: The property name Caption in UniLabel7 is invalid.
Line 189: The property name _ExtentX in UniLabel6 is invalid.
Line 190: The property name _ExtentY in UniLabel6 is invalid.
Line 191: The property name Caption in UniLabel6 is invalid.
Line 207: The property name _ExtentX in UniLabel5 is invalid.
Line 208: The property name _ExtentY in UniLabel5 is invalid.
Line 209: The property name Caption in UniLabel5 is invalid.
Line 225: The property name _ExtentX in UniLabel4 is invalid.
Line 226: The property name _ExtentY in UniLabel4 is invalid.
Line 227: The property name Caption in UniLabel4 is invalid.
Line 243: The property name _ExtentX in UniLabel3 is invalid.
Line 244: The property name _ExtentY in UniLabel3 is invalid.
Line 245: The property name Caption in UniLabel3 is invalid.
Line 261: The property name _ExtentX in UniLabel2 is invalid.
Line 262: The property name _ExtentY in UniLabel2 is invalid.
Line 263: The property name Caption in UniLabel2 is invalid.
Line 280: The property name _ExtentX in txtPath is invalid.
Line 281: The property name _ExtentY in txtPath is invalid.
Line 292: The property name Text in txtPath is invalid.
Line 293: The property name Locked in txtPath is invalid.
Line 274: Property BorderStyle in txtPath could not be set.
Line 302: The property name _ExtentX in txtCompany is invalid.
Line 303: The property name _ExtentY in txtCompany is invalid.
Line 314: The property name Text in txtCompany is invalid.
Line 315: The property name Locked in txtCompany is invalid.
Line 296: Property BorderStyle in txtCompany could not be set.
Line 324: The property name _ExtentX in txtDecription is invalid.
Line 325: The property name _ExtentY in txtDecription is invalid.
Line 336: The property name Text in txtDecription is invalid.
Line 337: The property name Locked in txtDecription is invalid.
Line 318: Property BorderStyle in txtDecription could not be set.
Line 346: The property name _ExtentX in txtVersion is invalid.
Line 347: The property name _ExtentY in txtVersion is invalid.
Line 358: The property name Text in txtVersion is invalid.
Line 359: The property name Locked in txtVersion is invalid.
Line 340: Property BorderStyle in txtVersion could not be set.
Line 368: The property name _ExtentX in txtFileSize is invalid.
Line 369: The property name _ExtentY in txtFileSize is invalid.
Line 380: The property name Text in txtFileSize is invalid.
Line 381: The property name Locked in txtFileSize is invalid.
Line 362: Property BorderStyle in txtFileSize could not be set.
Line 390: The property name _ExtentX in txtUuTien is invalid.
Line 391: The property name _ExtentY in txtUuTien is invalid.
Line 402: The property name Text in txtUuTien is invalid.
Line 403: The property name Locked in txtUuTien is invalid.
Line 384: Property BorderStyle in txtUuTien could not be set.
Line 412: The property name _ExtentX in txtMemory is invalid.
Line 413: The property name _ExtentY in txtMemory is invalid.
Line 424: The property name Text in txtMemory is invalid.
Line 425: The property name Locked in txtMemory is invalid.
Line 406: Property BorderStyle in txtMemory could not be set.
Line 434: The property name _ExtentX in txtThuocTinh is invalid.
Line 435: The property name _ExtentY in txtThuocTinh is invalid.
Line 446: The property name Text in txtThuocTinh is invalid.
Line 447: The property name Locked in txtThuocTinh is invalid.
Line 428: Property BorderStyle in txtThuocTinh could not be set.
Line 535: The property name _ExtentX in UniLabel1 is invalid.
Line 536: The property name _ExtentY in UniLabel1 is invalid.
Line 537: The property name Alignment in UniLabel1 is invalid.
Line 538: The property name Caption in UniLabel1 is invalid.
