Line 28: Cannot load control lblSupport.
Line 48: Cannot load control FM.
Line 71: Cannot load control UniLabel68.
Line 90: Cannot load control UniLabel67.
Line 108: Cannot load control UniLabel66.
Line 126: Cannot load control UniLabel65.
Line 144: Cannot load control UniLabel64.
Line 162: Cannot load control UniLabel63.
Line 180: Cannot load control UniLabel62.
Line 199: Cannot load control lblGopY.
Line 219: Cannot load control UniLabel60.
Line 238: Cannot load control UniLabel59.
Line 257: Cannot load control UniLabel56.
Line 276: Cannot load control UniLabel58.
Line 296: Cannot load control UniLabel57.
Line 315: Cannot load control UniLabel55.
Line 333: Cannot load control UniLabel54.
Line 353: Cannot load control UniLabel53.
Line 371: Cannot load control UniLabel52.
Line 389: Cannot load control UniLabel51.
Line 445: Cannot load control UniLabel50.
Line 463: Cannot load control UniLabel49.
Line 481: Cannot load control UniLabel48.
Line 501: Cannot load control UniLabel47.
Line 520: Cannot load control UniLabel24.
Line 540: Cannot load control UniLabel46.
Line 560: Cannot load control UniLabel45.
Line 579: Cannot load control UniLabel44.
Line 598: Cannot load control UniLabel43.
Line 617: Cannot load control UniLabel42.
Line 636: Cannot load control UniLabel41.
Line 655: Cannot load control UniLabel40.
Line 674: Cannot load control UniLabel39.
Line 693: Cannot load control UniLabel38.
Line 712: Cannot load control UniLabel37.
Line 731: Cannot load control UniLabel36.
Line 750: Cannot load control UniLabel35.
Line 769: Cannot load control UniLabel34.
Line 788: Cannot load control UniLabel33.
Line 807: Cannot load control UniLabel32.
Line 826: Cannot load control UniLabel31.
Line 845: Cannot load control UniLabel30.
Line 864: Cannot load control UniLabel29.
Line 883: Cannot load control UniLabel28.
Line 902: Cannot load control UniLabel27.
Line 920: Cannot load control UniLabel26.
Line 938: Cannot load control UniLabel25.
Line 956: Cannot load control UniLabel23.
Line 975: Cannot load control UniLabel22.
Line 1054: Cannot load control FMCapNhat.
Line 1076: Cannot load control UniLabel75.
Line 1096: Cannot load control CHK1.
Line 1189: Cannot load control fmCauHinh.
Line 1211: Cannot load control chkCheDoBaoVe.
Line 1233: Cannot load control CHK0.
Line 1358: Cannot load control cmdVirusRemoveAll.
Line 1379: Cannot load control UniLabel18.
Line 1429: Cannot load control cmdPerfectSystemReporter.
Line 1450: Cannot load control UniLabel17.
Line 1500: Cannot load control UniLabel16.
Line 1518: Cannot load control cmdPerfectStartUpManager.
Line 1571: Cannot load control cmdPerfectProcessManager.
Line 1592: Cannot load control UniLabel15.
Line 1642: Cannot load control UniLabel21.
Line 1661: Cannot load control UniLabel20.
Line 1679: Cannot load control cmdTangTocMayTinh.
Line 1732: Cannot load control cmdTinhChinhRegistry.
Line 1753: Cannot load control UniLabel19.
Line 1803: Cannot load control cmdPhucHoiDuLieu.
Line 1824: Cannot load control UniLabel14.
Line 1874: Cannot load control lblAT.
Line 1895: Cannot load control UniLabel13.
Line 1913: Cannot load control cmdOnOffAT.
Line 1991: Cannot load control lblRTP.
Line 2012: Cannot load control cmdOnOffRTP.
Line 2036: Cannot load control UniLabel12.
Line 2078: Cannot load control UniLabel11.
Line 2128: Cannot load control cmdGetTinTuong.
Line 2149: Cannot load control cmdDeleteAllTinTuong.
Line 2170: Cannot load control cmdAddFolderTinTuong.
Line 2191: Cannot load control cmdAddFileTinTuong.
Line 2212: Cannot load control lstTinTuong.
Line 2237: Cannot load control UniLabel10.
Line 2281: Cannot load control cmdGetListUserData.
Line 2302: Cannot load control cmdDelData.
Line 2323: Cannot load control cmdAddData.
Line 2344: Cannot load control lstUserData.
Line 2368: Cannot load control UniLabel9.
Line 2411: Cannot load control UniLabel8.
Line 2429: Cannot load control cmdSaveCauHinh.
Line 2452: Cannot load control FMThietLapKhiQuet.
Line 2473: Cannot load control Chk2.
Line 2584: Cannot load control fmDuoiFile.
Line 2613: Cannot load control optEXT2.
Line 2659: Cannot load control UniLabel7.
Line 2702: Cannot load control cmdXemChiTiet.
Line 2723: Cannot load control cmdLayThongTinNhatKy.
Line 2744: Cannot load control lstNhatKy.
Line 2771: Cannot load control UniLabel2.
Line 2814: Cannot load control cmdLayThongTinCachLy.
Line 2835: Cannot load control cmdXoaVirusDaChon.
Line 2856: Cannot load control cmdXoaTatCa.
Line 2877: Cannot load control cmdPhucHoiTatCa.
Line 2898: Cannot load control cmdPhucHoiVirusDaChon.
Line 2919: Cannot load control UniLabel1.
Line 2938: Cannot load control lstCachLy.
Line 2990: Cannot load control UniLabel6.
Line 3010: Cannot load control Scan.
Line 3049: Cannot load control Cmd.
Line 3248: Cannot load control UniLabel70.
Line 3268: Cannot load control UniLabel74.
Line 3288: Cannot load control UniLabel73.
Line 3308: Cannot load control UniLabel72.
Line 3328: Cannot load control UniLabel71.
Line 3348: Cannot load control lbl1TinhTrangMayTinh.
Line 3369: Cannot load control lbl1Memory.
Line 3387: Cannot load control lbl1Process.
Line 3405: Cannot load control lbl1UserName.
Line 3424: Cannot load control lbl1ComputerName.
Line 3443: Cannot load control UniLabel69.
Line 3462: Cannot load control UniLabel61.
Line 3481: Cannot load control UniLabel5.
Line 3500: Cannot load control UniLabel4.
Line 3519: Cannot load control ProTinhTrang.
Line 3534: Cannot load control UniLabel3.
