Line 53: Class UniControls.UniLabel of control LBL was not a loaded control class.
Line 73: Class UniControls.UniLabel of control lblChuanBi3 was not a loaded control class.
Line 92: Class UniControls.UniLabel of control lblChuanBi4 was not a loaded control class.
Line 112: Class UniControls.UniLabel of control lblChuanBi2 was not a loaded control class.
Line 132: Class UniControls.UniLabel of control lblChuanBi1 was not a loaded control class.
Line 158: Class UniControls.UniLabel of control lblPhatHien was not a loaded control class.
Line 178: Class UniControls.UniLabel of control lbl_Da_Quet was not a loaded control class.
Line 198: Class UniControls.UniLabel of control lbl_Tong_So_File was not a loaded control class.
Line 343: Class UniControls.UniLabel of control lblHayNhanVao was not a loaded control class.
Line 363: Class UniControls.UniListView of control LV1 was not a loaded control class.
Line 394: Class UniControls.UniLabel of control lbl_HoangTat was not a loaded control class.
Line 414: Class UniControls.UniLabel of control lblPro was not a loaded control class.
Line 435: Class UniControls.UniLabel of control lblPro was not a loaded control class.
Line 477: Class UniControls.UniLabel of control UniLabel5 was not a loaded control class.
Line 617: Class UniControls.UniLabel of control lbl_CacThiet was not a loaded control class.
Line 692: Class UniControls.UniLabel of control lbl_DuoiFile was not a loaded control class.
Line 712: Class UniControls.UniLabel of control lbl_HayCaiDat was not a loaded control class.
Line 795: Class UniControls.UniLabel of control lblPro was not a loaded control class.
Line 816: Class UniControls.UniLabel of control lblPro was not a loaded control class.
Line 837: Class UniControls.UniLabel of control lbl3 was not a loaded control class.
Line 889: Class UniControls.UniListBox of control lstPath was not a loaded control class.
Line 944: Class UniControls.UniLabel of control lbl2 was not a loaded control class.
Line 965: Class UniControls.UniLabel of control UniLabel1 was not a loaded control class.
Line 1032: Class UniControls.UniLabel of control lblxTime was not a loaded control class.
Line 1052: Class UniControls.UniLabel of control lblPro was not a loaded control class.
Line 1073: Class UniControls.UniLabel of control lblPro was not a loaded control class.
Line 1094: Class UniControls.Resizer of control Resizer1 was not a loaded control class.
