Line 27: Class UniControls.UniFrame of control UniFrame1 was not a loaded control class.
Line 49: Class UniControls.UniLabel of control UniLabel7 was not a loaded control class.
Line 68: Class UniControls.UniLabel of control UniLabel6 was not a loaded control class.
Line 88: Class UniControls.UniFrame of control fm was not a loaded control class.
Line 110: Class UniControls.UniCommonDialog of control DiaLog1 was not a loaded control class.
Line 125: Class UniControls.UniButton of control cmdCancel was not a loaded control class.
Line 152: Class UniControls.UniButton of control cmdAdd was not a loaded control class.
Line 179: Class UniControls.UniTextBox of control txtKeyName was not a loaded control class.
Line 199: Class UniControls.UniLabel of control UniLabel5 was not a loaded control class.
Line 218: Class UniControls.UniComboBox of control cb was not a loaded control class.
Line 240: Class UniControls.UniLabel of control UniLabel4 was not a loaded control class.
Line 259: Class UniControls.UniButton of control cmdBrowser was not a loaded control class.
Line 286: Class UniControls.UniTextBox of control txtPath was not a loaded control class.
Line 307: Class UniControls.UniLabel of control UniLabel3 was not a loaded control class.
Line 326: Class UniControls.UniLabel of control UniLabel2 was not a loaded control class.
Line 348: Class UniControls.UniButton of control cmdCreate was not a loaded control class.
Line 375: Class UniControls.UniButton of control cmdRefer was not a loaded control class.
Line 402: Class UniControls.UniButton of control cmdJump was not a loaded control class.
Line 429: Class UniControls.UniButton of control cmdDel was not a loaded control class.
Line 456: Class UniControls.UniButton of control cmdPhucHoi was not a loaded control class.
Line 491: Class UniControls.UniListView of control LV was not a loaded control class.
Line 589: Class UniControls.UniTreeView of control Tree1 was not a loaded control class.
Line 598: Class UniControls.UniLabel of control UniLabel1 was not a loaded control class.
