Line 38: Class UniControls.UniFrame of control fm was not a loaded control class.
Line 61: Class UniControls.UniButton of control cmdViewErr was not a loaded control class.
Line 87: Class UniControls.UniLabel of control UniLabel86 was not a loaded control class.
Line 106: Class UniControls.UniLabel of control UniLabel63 was not a loaded control class.
Line 126: Class UniControls.UniLabel of control UniLabel62 was not a loaded control class.
Line 145: Class UniControls.UniLabel of control UniLabel60 was not a loaded control class.
Line 164: Class UniControls.UniLabel of control UniLabel59 was not a loaded control class.
Line 183: Class UniControls.UniLabel of control UniLabel55 was not a loaded control class.
Line 202: Class UniControls.UniLabel of control UniLabel54 was not a loaded control class.
Line 221: Class UniControls.UniLabel of control UniLabel53 was not a loaded control class.
Line 240: Class UniControls.UniLabel of control UniLabel52 was not a loaded control class.
Line 259: Class UniControls.UniLabel of control UniLabel51 was not a loaded control class.
Line 279: Class UniControls.UniLabel of control UniLabel49 was not a loaded control class.
Line 299: Class UniControls.UniLabel of control UniLabel45 was not a loaded control class.
Line 318: Class UniControls.UniLabel of control UniLabel44 was not a loaded control class.
Line 337: Class UniControls.UniLabel of control UniLabel46 was not a loaded control class.
Line 356: Class UniControls.UniLabel of control UniLabel47 was not a loaded control class.
Line 375: Class UniControls.UniLabel of control UniLabel48 was not a loaded control class.
Line 394: Class UniControls.UniLabel of control UniLabel50 was not a loaded control class.
Line 414: Class UniControls.UniLabel of control UniLabel56 was not a loaded control class.
Line 433: Class UniControls.UniLabel of control UniLabel57 was not a loaded control class.
Line 452: Class UniControls.UniLabel of control UniLabel58 was not a loaded control class.
Line 471: Class UniControls.UniLabel of control UniLabel73 was not a loaded control class.
Line 490: Class UniControls.UniLabel of control UniLabel74 was not a loaded control class.
Line 575: Class UniControls.UniFrame of control fm was not a loaded control class.
Line 598: Class UniControls.UniFrame of control fmGopY was not a loaded control class.
Line 620: Class UniControls.UniLabel of control UniLabel43 was not a loaded control class.
Line 640: Class UniControls.UniLabel of control UniLabel42 was not a loaded control class.
Line 660: Class UniControls.UniButton of control cmdGotoGopY was not a loaded control class.
Line 687: Class UniControls.UniFrame of control fmHelp was not a loaded control class.
Line 709: Class UniControls.UniLabel of control UniLabel41 was not a loaded control class.
Line 729: Class UniControls.UniButton of control cmdGoToHelp was not a loaded control class.
Line 756: Class UniControls.UniFrame of control fmAutoUpdate was not a loaded control class.
Line 778: Class UniControls.UniButton of control cmdUpdateOff was not a loaded control class.
Line 804: Class UniControls.UniButton of control cmdUpdateOnline was not a loaded control class.
Line 830: Class UniControls.UniCheckBox of control chkAutoUpdate was not a loaded control class.
Line 860: Class UniControls.UniFrame of control fmsetting was not a loaded control class.
Line 882: Class UniControls.UniCheckBox of control chkUseFastScan was not a loaded control class.
Line 904: Class UniControls.UniCheckBox of control chkShowFlash was not a loaded control class.
Line 926: Class UniControls.UniCheckBox of control chkAutoStart was not a loaded control class.
Line 956: Class UniControls.UniLabel of control UniLabel40 was not a loaded control class.
Line 977: Class UniControls.UniFrame of control fmMain was not a loaded control class.
Line 999: Class UniControls.UniTreeView of control TreeChucNang was not a loaded control class.
Line 1009: Class UniControls.UniFrame of control fm was not a loaded control class.
Line 1032: Class UniControls.UniLabel of control UniLabel39 was not a loaded control class.
Line 1051: Class UniControls.UniButton of control cmdKiemTraHeThong was not a loaded control class.
Line 1077: Class UniControls.UniLabel of control UniLabel38 was not a loaded control class.
Line 1110: Class UniControls.UniFrame of control fm was not a loaded control class.
Line 1133: Class UniControls.UniButton of control cmdStartUp was not a loaded control class.
Line 1159: Class UniControls.UniLabel of control UniLabel37 was not a loaded control class.
Line 1192: Class UniControls.UniFrame of control fm was not a loaded control class.
Line 1215: Class UniControls.UniButton of control cmdQuanLyFile was not a loaded control class.
Line 1241: Class UniControls.UniLabel of control UniLabel33 was not a loaded control class.
Line 1406: Class UniControls.UniFrame of control fm was not a loaded control class.
Line 1429: Class UniControls.UniLabel of control UniLabel31 was not a loaded control class.
Line 1449: Class UniControls.UniButton of control cmdQuanly was not a loaded control class.
Line 1476: Class UniControls.UniFrame of control fm was not a loaded control class.
Line 1499: Class UniControls.UniLabel of control UniLabel76 was not a loaded control class.
Line 1518: Class UniControls.UniLabel of control UniLabel75 was not a loaded control class.
Line 1537: Class UniControls.UniLabel of control UniLabel61 was not a loaded control class.
Line 1556: Class UniControls.UniCheckBox of control chkAutoAddAutorun was not a loaded control class.
Line 1578: Class UniControls.UniLabel of control UniLabel36 was not a loaded control class.
Line 1597: Class UniControls.UniLabel of control atplblStaAutorun was not a loaded control class.
Line 1622: Class UniControls.UniButton of control atpcmdAutorun was not a loaded control class.
Line 1650: Class UniControls.UniLabel of control UniLabel35 was not a loaded control class.
Line 1669: Class UniControls.UniLabel of control UniLabel30 was not a loaded control class.
Line 1690: Class UniControls.UniFrame of control fm was not a loaded control class.
Line 1718: Class UniControls.UniButton of control cmdDelREG was not a loaded control class.
Line 1745: Class UniControls.UniLabel of control UniLabel34 was not a loaded control class.
Line 1764: Class UniControls.UniButton of control atpREGAdd was not a loaded control class.
Line 1791: Class UniControls.UniListView of control atpLVREG was not a loaded control class.
Line 1818: Class UniControls.UniLabel of control UniLabel29 was not a loaded control class.
Line 1839: Class UniControls.UniLabel of control UniLabel32 was not a loaded control class.
Line 1859: Class UniControls.UniButton of control atpcmdREG was not a loaded control class.
Line 1886: Class UniControls.UniLabel of control atplbREG was not a loaded control class.
Line 1906: Class UniControls.UniFrame of control fm was not a loaded control class.
Line 1929: Class UniControls.UniButton of control cmdDelSelected was not a loaded control class.
Line 1956: Class UniControls.UniButton of control cmdEventsVirusKillAll was not a loaded control class.
Line 1983: Class UniControls.UniLabel of control UniLabel28 was not a loaded control class.
Line 2002: Class UniControls.UniListView of control LVVirusEvents was not a loaded control class.
Line 2029: Class UniControls.UniLabel of control UniLabel27 was not a loaded control class.
Line 2050: Class UniControls.UniFrame of control fm was not a loaded control class.
Line 2074: Class UniControls.UniLabel of control UniLabel17 was not a loaded control class.
Line 2093: Class UniControls.UniButton of control cmdFullScan was not a loaded control class.
Line 2121: Class UniControls.UniCheckBox of control VSdll was not a loaded control class.
Line 2142: Class UniControls.UniLabel of control UniLabel11 was not a loaded control class.
Line 2161: Class UniControls.NumbericUpDown of control VSLimitSize was not a loaded control class.
Line 2183: Class UniControls.UniLabel of control UniLabel10 was not a loaded control class.
Line 2201: Class UniControls.UniCheckBox of control VSDontScanSize was not a loaded control class.
Line 2222: Class UniControls.UniCheckBox of control VSScanProcess was not a loaded control class.
Line 2243: Class UniControls.UniCheckBox of control VSScanStartUp was not a loaded control class.
Line 2264: Class UniControls.UniLabel of control UniLabel7 was not a loaded control class.
Line 2284: Class UniControls.UniLabel of control UniLabel9 was not a loaded control class.
Line 2303: Class UniControls.UniCheckBox of control VSexe was not a loaded control class.
Line 2325: Class UniControls.UniCheckBox of control VSbat was not a loaded control class.
Line 2346: Class UniControls.UniCheckBox of control VScom was not a loaded control class.
Line 2367: Class UniControls.UniCheckBox of control VScmd was not a loaded control class.
Line 2388: Class UniControls.UniCheckBox of control VSscr was not a loaded control class.
Line 2410: Class UniControls.UniFrame of control fm was not a loaded control class.
Line 2433: Class UniControls.UniLabel of control UniLabel26 was not a loaded control class.
Line 2452: Class UniControls.UniCheckBox of control atsScanKeylogger was not a loaded control class.
Line 2474: Class UniControls.UniLabel of control UniLabel25 was not a loaded control class.
Line 2493: Class UniControls.UniCheckBox of control atsAutoScanUSB was not a loaded control class.
Line 2515: Class UniControls.UniLabel of control UniLabel19 was not a loaded control class.
Line 2534: Class UniControls.UniLabel of control UniLabel18 was not a loaded control class.
Line 2553: Class UniControls.UniCheckBox of control atsAlwaysScanFolder was not a loaded control class.
Line 2575: Class UniControls.UniCheckBox of control atsScanEXE was not a loaded control class.
Line 2597: Class UniControls.UniLabel of control UniLabel16 was not a loaded control class.
Line 2616: Class UniControls.UniLabel of control UniLabel15 was not a loaded control class.
Line 2637: Class UniControls.UniTrayIcon of control Tray1 was not a loaded control class.
Line 2645: Class UniControls.UniFrame of control fm was not a loaded control class.
Line 2668: Class UniControls.UniButton of control csBack was not a loaded control class.
Line 2695: Class UniControls.UniButton of control csKill was not a loaded control class.
Line 2722: Class UniControls.UniButton of control csCachLy was not a loaded control class.
Line 2749: Class UniControls.UniButton of control csStop was not a loaded control class.
Line 2777: Class UniControls.UniButton of control csStart was not a loaded control class.
Line 2804: Class UniControls.UniFrame of control ff was not a loaded control class.
Line 2826: Class UniControls.UniLabel of control cslblPath was not a loaded control class.
Line 2844: Class UniControls.UniCheckBox of control CScom was not a loaded control class.
Line 2866: Class UniControls.UniCheckBox of control CSbat was not a loaded control class.
Line 2888: Class UniControls.UniCheckBox of control CSexe was not a loaded control class.
Line 2911: Class UniControls.UniLabel of control UniLabel24 was not a loaded control class.
Line 2929: Class UniControls.UniCheckBox of control CSprocess was not a loaded control class.
Line 2951: Class UniControls.UniCheckBox of control CSStartUp was not a loaded control class.
Line 2973: Class UniControls.UniLabel of control UniLabel23 was not a loaded control class.
Line 2992: Class UniControls.UniFolderView of control CSFolderView1 was not a loaded control class.
Line 3001: Class UniControls.UniLabel of control UniLabel22 was not a loaded control class.
Line 3021: Class UniControls.UniLabel of control UniLabel21 was not a loaded control class.
Line 3040: Class UniControls.UniLabel of control UniLabel20 was not a loaded control class.
Line 3060: Class UniControls.UniListView of control LVVirus2 was not a loaded control class.
Line 3088: Class UniControls.UniLabel of control cslblStatus was not a loaded control class.
Line 3108: Class UniControls.UniLabel of control cslblStatus2 was not a loaded control class.
Line 3141: Class UniControls.UniFrame of control fm was not a loaded control class.
Line 3164: Class UniControls.UniButton of control cmdSettingFullScan was not a loaded control class.
Line 3190: Class UniControls.UniLabel of control UniLabel13 was not a loaded control class.
Line 3209: Class UniControls.UniLabel of control lblScanTime was not a loaded control class.
Line 3229: Class UniControls.UniLabel of control UniLabel12 was not a loaded control class.
Line 3248: Class UniControls.UniLabel of control lblStatus2 was not a loaded control class.
Line 3268: Class UniControls.UniLabel of control lblStatus was not a loaded control class.
Line 3289: Class UniControls.UniLabel of control UniLabel8 was not a loaded control class.
Line 3308: Class UniControls.UniButton of control cmdFSKillVirus was not a loaded control class.
Line 3335: Class UniControls.UniButton of control cmdFSCachLy was not a loaded control class.
Line 3362: Class UniControls.UniButton of control cmdFSReport was not a loaded control class.
Line 3390: Class UniControls.UniButton of control cmdFSStop was not a loaded control class.
Line 3417: Class UniControls.UniButton of control cmdFSStart was not a loaded control class.
Line 3444: Class UniControls.UniListView of control LVVirus1 was not a loaded control class.
Line 3472: Class UniControls.UniLabel of control UniLabel6 was not a loaded control class.
Line 3491: Class UniControls.UniLabel of control UniLabel5 was not a loaded control class.
Line 3509: Class UniControls.UniLabel of control UniLabel4 was not a loaded control class.
Line 3527: Class UniControls.UniLabel of control UniLabel3 was not a loaded control class.
Line 3545: Class UniControls.UniLabel of control UniLabel2 was not a loaded control class.
Line 3564: Class UniControls.UniLabel of control UniLabel1 was not a loaded control class.
Line 3585: Class UniControls.UniLabel of control lblScanTime was not a loaded control class.
Line 3605: Class UniControls.UniLabel of control lblScanTime was not a loaded control class.
Line 3625: Class UniControls.UniLabel of control UniLabel14 was not a loaded control class.
Line 3645: Class UniControls.UniFrame of control fm was not a loaded control class.
Line 3668: Class UniControls.UniCommonDialog of control Dialog1 was not a loaded control class.
Line 3683: Class UniControls.UniButton of control cmdDelRe was not a loaded control class.
Line 3709: Class UniControls.UniButton of control cmdAddRebot was not a loaded control class.
Line 3735: Class UniControls.UniListBox of control List1 was not a loaded control class.
Line 3756: Class UniControls.UniButton of control cmdRebotDel was not a loaded control class.
Line 3782: Class UniControls.UniLabel of control UniLabel84 was not a loaded control class.
Line 3802: Class UniControls.UniButton of control cmdTTCheckAll was not a loaded control class.
Line 3828: Class UniControls.UniCheckBox of control chkTangToc was not a loaded control class.
Line 3850: Class UniControls.UniButton of control cmdTangToc was not a loaded control class.
Line 3876: Class UniControls.UniLabel of control UniLabel77 was not a loaded control class.
Line 3896: Class UniControls.UniCheckBox of control chkTangToc was not a loaded control class.
Line 3918: Class UniControls.UniCheckBox of control chkTangToc was not a loaded control class.
Line 3941: Class UniControls.UniFrame of control mf was not a loaded control class.
Line 3963: Class UniControls.UniLabel of control xlblComputerName was not a loaded control class.
Line 3982: Class UniControls.ProgressBar of control xProcessRAM was not a loaded control class.
Line 4004: Class UniControls.UniLabel of control UniLabel83 was not a loaded control class.
Line 4024: Class UniControls.UniLabel of control UniLabel80 was not a loaded control class.
Line 4044: Class UniControls.UniLabel of control UniLabel79 was not a loaded control class.
Line 4064: Class UniControls.UniLabel of control UniLabel78 was not a loaded control class.
Line 4084: Class UniControls.UniLabel of control UniLabel71 was not a loaded control class.
Line 4103: Class UniControls.UniLabel of control UniLabel70 was not a loaded control class.
Line 4122: Class UniControls.UniLabel of control UniLabel69 was not a loaded control class.
Line 4141: Class UniControls.UniLabel of control UniLabel68 was not a loaded control class.
Line 4160: Class UniControls.UniLabel of control UniLabel67 was not a loaded control class.
Line 4179: Class UniControls.UniLabel of control UniLabel66 was not a loaded control class.
Line 4198: Class UniControls.UniLabel of control UniLabel65 was not a loaded control class.
Line 4217: Class UniControls.UniLabel of control UniLabel64 was not a loaded control class.
Line 4237: Class UniControls.UniLabel of control UniLabel72 was not a loaded control class.
Line 4256: Class UniControls.UniLabel of control UniLabel81 was not a loaded control class.
Line 4276: Class UniControls.UniLabel of control UniLabel82 was not a loaded control class.
Line 4296: Class UniControls.UniLabel of control UniLabel85 was not a loaded control class.
Line 4316: Class UniControls.UniLabel of control xlblUserName was not a loaded control class.
Line 4335: Class UniControls.UniLabel of control xlblProcess was not a loaded control class.
Line 4354: Class UniControls.UniLabel of control xlblRAM was not a loaded control class.
Line 4373: Class UniControls.UniLabel of control xlblTinhTrang was not a loaded control class.
