[1]
TimeQuet=11:36:20 AM - 1/1/2005
KieuQuet=Quét toàn bộ
SoFile=0
SoVirus=0
KetQua=Chưa hoàn thành
[2]
TimeQuet=11:36:36 AM - 1/1/2005
KieuQuet=Quét toàn bộ
SoFile=35
SoVirus=0
KetQua=Chưa hoàn thành
[3]
TimeQuet=12:16:41 PM - 1/1/2005
KieuQuet=Quét tùy chọn (C:\)
SoFile=-
SoVirus=4
KetQua=Chưa hoàn thành
[4]
TimeQuet=12:25:42 PM - 1/1/2005
KieuQuet=Quét tùy chọn (C:\)
SoFile=-
SoVirus=1
KetQua=Chưa hoàn thành
[5]
TimeQuet=12:25:51 PM - 1/1/2005
KieuQuet=Quét tùy chọn (C:\)
SoFile=-
SoVirus=1
KetQua=Chưa hoàn thành
[6]
TimeQuet=12:29:06 PM - 1/1/2005
KieuQuet=Quét tùy chọn (C:\)
SoFile=-
SoVirus=1
KetQua=Chưa hoàn thành
[7]
TimeQuet=12:31:01 PM - 1/1/2005
KieuQuet=Quét toàn bộ
SoFile=1071
SoVirus=1
KetQua=Chưa hoàn thành
[8]
TimeQuet=12:33:17 PM - 1/1/2005
KieuQuet=Quét toàn bộ
SoFile=187
SoVirus=1
KetQua=Chưa hoàn thành
[9]
TimeQuet=1:14:18 PM - 1/1/2005
KieuQuet=Quét toàn bộ
SoFile=0
SoVirus=0
KetQua=Chưa hoàn thành
[10]
TimeQuet=4:38:28 PM - 1/1/2005
KieuQuet=Quét toàn bộ
SoFile=0
SoVirus=0
KetQua=Chưa hoàn thành
[11]
TimeQuet=8:27:56 AM - 2/1/2005
KieuQuet=Quét toàn bộ
SoFile=22
SoVirus=0
KetQua=Chưa hoàn thành
[12]
TimeQuet=8:30:25 AM - 2/1/2005
KieuQuet=Quét tùy chọn (C:\)
SoFile=-
SoVirus=0
KetQua=Chưa hoàn thành
[13]
TimeQuet=8:30:45 AM - 2/1/2005
KieuQuet=Quét tùy chọn (E:\)
SoFile=-
SoVirus=0
KetQua=Hoàn thành
[14]
TimeQuet=8:31:03 AM - 2/1/2005
KieuQuet=Quét tùy chọn (F:\)
SoFile=-
SoVirus=0
KetQua=Chưa hoàn thành
[15]
TimeQuet=8:31:11 AM - 2/1/2005
KieuQuet=Quét tùy chọn (F:\)
SoFile=-
SoVirus=0
KetQua=Chưa hoàn thành
[16]
TimeQuet=8:31:33 AM - 2/1/2005
KieuQuet=Quét tùy chọn (F:\)
SoFile=-
SoVirus=0
KetQua=Chưa hoàn thành
[17]
TimeQuet=8:31:38 AM - 2/1/2005
KieuQuet=Quét tùy chọn (F:\)
SoFile=-
SoVirus=0
KetQua=Chưa hoàn thành
[18]
TimeQuet=8:52:11 PM - 2/1/2005
KieuQuet=Quét tùy chọn (C:\Documents and Settings\)
SoFile=-
SoVirus=0
KetQua=Hoàn thành
[19]
TimeQuet=8:52:17 PM - 2/1/2005
KieuQuet=Quét tùy chọn (C:\Documents and Settings\)
SoFile=-
SoVirus=0
KetQua=Hoàn thành
[20]
TimeQuet=9:07:42 PM - 2/1/2005
KieuQuet=Quét toàn bộ
SoFile=149
SoVirus=0
KetQua=Chưa hoàn thành
[21]
TimeQuet=1:38:25 PM - 3/1/2005
KieuQuet=Quét toàn bộ
SoFile=5203
SoVirus=3
KetQua=Đã hoàn thành
[22]
TimeQuet=7:10:02 PM - 3/1/2005
KieuQuet=Quét toàn bộ
SoFile=1674
SoVirus=22
KetQua=Chưa hoàn thành
[23]
TimeQuet=7:11:16 PM - 3/1/2005
KieuQuet=Quét tùy chọn (D:\)
SoFile=-
SoVirus=21
KetQua=Chưa hoàn thành
[24]
TimeQuet=7:12:59 PM - 3/1/2005
KieuQuet=Quét tùy chọn (E:\)
SoFile=-
SoVirus=0
KetQua=Chưa hoàn thành
[25]
TimeQuet=7:13:16 PM - 3/1/2005
KieuQuet=Quét tùy chọn (E:\)
SoFile=-
SoVirus=0
KetQua=Hoàn thành
[26]
TimeQuet=7:13:21 PM - 3/1/2005
KieuQuet=Quét tùy chọn (F:\)
SoFile=-
SoVirus=0
KetQua=Hoàn thành
[27]
TimeQuet=1:46:15 PM - 5/1/2005
KieuQuet=Quét toàn bộ
SoFile=588
SoVirus=0
KetQua=Chưa hoàn thành
[28]
TimeQuet=1:49:04 PM - 5/1/2005
KieuQuet=Quét toàn bộ
SoFile=1001
SoVirus=0
KetQua=Chưa hoàn thành
[29]
TimeQuet=1:55:13 PM - 5/1/2005
KieuQuet=Quét tùy chọn (D:\)
SoFile=-
SoVirus=0
KetQua=Chưa hoàn thành
[30]
TimeQuet=1:55:28 PM - 5/1/2005
KieuQuet=Quét tùy chọn (D:\)
SoFile=-
SoVirus=6
KetQua=Hoàn thành
[31]
TimeQuet=1:56:00 PM - 5/1/2005
KieuQuet=Quét toàn bộ
SoFile=11
SoVirus=0
KetQua=Chưa hoàn thành
[32]
TimeQuet=1:56:47 PM - 5/1/2005
KieuQuet=Quét toàn bộ
SoFile=40
SoVirus=0
KetQua=Chưa hoàn thành
[33]
TimeQuet=1:57:35 PM - 5/1/2005
KieuQuet=Quét toàn bộ
SoFile=1241
SoVirus=0
KetQua=Chưa hoàn thành
[34]
TimeQuet=1:58:24 PM - 5/1/2005
KieuQuet=Quét tùy chọn (E:\)
SoFile=-
SoVirus=0
KetQua=Hoàn thành
[35]
TimeQuet=8:02:44 PM - 15/6/2009
KieuQuet=Quét tùy chọn (C:\Program Files\)
SoFile=-
SoVirus=1
KetQua=Chưa hoàn thành
[36]
TimeQuet=8:04:55 PM - 15/6/2009
KieuQuet=Quét tùy chọn (C:\Program Files\)
SoFile=-
SoVirus=0
KetQua=Chưa hoàn thành
[37]
TimeQuet=8:17:34 PM - 15/6/2009
KieuQuet=Quét tùy chọn (C:\Documents and Settings\Administrator\)
SoFile=-
SoVirus=0
KetQua=Hoàn thành
[38]
TimeQuet=8:17:37 PM - 15/6/2009
KieuQuet=Quét tùy chọn (C:\Documents and Settings\Administrator\)
SoFile=-
SoVirus=0
KetQua=Hoàn thành
[39]
TimeQuet=8:53:31 PM - 15/6/2009
KieuQuet=Quét tùy chọn (C:\Program Files\)
SoFile=-
SoVirus=1
KetQua=Chưa hoàn thành
[40]
TimeQuet=9:06:53 PM - 15/6/2009
KieuQuet=Quét tùy chọn (C:\Program Files\)
SoFile=-
SoVirus=4
KetQua=Chưa hoàn thành
[41]
TimeQuet=9:08:41 PM - 15/6/2009
KieuQuet=Quét tùy chọn (C:\Documents and Settings\)
SoFile=-
SoVirus=5
KetQua=Hoàn thành
[42]
TimeQuet=9:20:52 PM - 15/6/2009
KieuQuet=Quét tùy chọn (C:\Documents and Settings\)
SoFile=-
SoVirus=1
KetQua=Hoàn thành
[43]
TimeQuet=9:21:53 PM - 15/6/2009
KieuQuet=Quét tùy chọn (C:\Documents and Settings\)
SoFile=-
SoVirus=1
KetQua=Hoàn thành
[44]
TimeQuet=9:22:15 PM - 15/6/2009
KieuQuet=Quét tùy chọn (C:\Documents and Settings\)
SoFile=-
SoVirus=2
KetQua=Hoàn thành
[45]
TimeQuet=9:22:24 PM - 15/6/2009
KieuQuet=Quét toàn bộ
SoFile=153
SoVirus=1
KetQua=Chưa hoàn thành
[46]
TimeQuet=2:19:32 PM - 16/6/2009
KieuQuet=Quét tùy chọn (C:\)
SoFile=-
SoVirus=4
KetQua=Chưa hoàn thành
[47]
TimeQuet=2:19:41 PM - 16/6/2009
KieuQuet=Quét tùy chọn (C:\)
SoFile=-
SoVirus=5
KetQua=Chưa hoàn thành
[48]
TimeQuet=2:29:25 PM - 16/6/2009
KieuQuet=Quét tùy chọn (C:\)
SoFile=-
SoVirus=0
KetQua=Chưa hoàn thành
[49]
TimeQuet=2:29:41 PM - 16/6/2009
KieuQuet=Quét tùy chọn (C:\WINDOWS\system32\)
SoFile=-
SoVirus=0
KetQua=Chưa hoàn thành
[50]
TimeQuet=2:30:03 PM - 16/6/2009
KieuQuet=Quét tùy chọn (C:\WINDOWS\system32\)
SoFile=-
SoVirus=0
KetQua=Hoàn thành
[51]
TimeQuet=2:30:34 PM - 16/6/2009
KieuQuet=Quét tùy chọn (C:\WINDOWS\)
SoFile=-
SoVirus=1
KetQua=Chưa hoàn thành
[52]
TimeQuet=2:32:45 PM - 16/6/2009
KieuQuet=Quét tùy chọn (C:\Program Files\)
SoFile=-
SoVirus=2
KetQua=Chưa hoàn thành
[53]
TimeQuet=10:02:11 PM - 25/6/2009
KieuQuet=Quét toàn bộ
SoFile=37
SoVirus=0
KetQua=Chưa hoàn thành
[54]
TimeQuet=10:08:07 PM - 25/6/2009
KieuQuet=Quét toàn bộ
SoFile=151
SoVirus=0
KetQua=Chưa hoàn thành
[55]
TimeQuet=10:08:27 PM - 25/6/2009
KieuQuet=Quét toàn bộ
SoFile=62
SoVirus=0
KetQua=Chưa hoàn thành
[56]
TimeQuet=10:08:42 PM - 25/6/2009
KieuQuet=Quét toàn bộ
SoFile=536
SoVirus=0
KetQua=Chưa hoàn thành
[57]
TimeQuet=10:12:45 PM - 25/6/2009
KieuQuet=Quét toàn bộ
SoFile=38
SoVirus=0
KetQua=Chưa hoàn thành
[Other]
Total=57
